Unity Editor version:    2020.3.26f1 (7298b473bc1a)
Branch:                  2020.3/staging
Build type:              Release
Batch mode:              YES
macOS version:           Version 11.6 (Build 20G165)
Darwin version:          20.6.0
Architecture:            x86_64
Running under Rosetta:   NO
Available memory:        16384 MB
Using pre-set license
Pro License: NO

COMMAND LINE ARGUMENTS:
/Applications/Unity/Unity.app/Contents/MacOS/Unity
-adb2
-batchMode
-noUpm
-name
AssetImportWorker1
-projectPath
/Volumes/T7/2022/22School/Spring22/EMAR440/Balloon-Town-Defence/Roll-a-ball
-logFile
Logs/AssetImportWorker1.log
-srvPort
51542
Successfully changed project path to: /Volumes/T7/2022/22School/Spring22/EMAR440/Balloon-Town-Defence/Roll-a-ball
/Volumes/T7/2022/22School/Spring22/EMAR440/Balloon-Town-Defence/Roll-a-ball
Using Asset Import Pipeline V2.
Refreshing native plugins compatible for Editor in 76.32 ms, found 2 plugins.
Preloading 0 native plugins for Editor in 0.00 ms.
Initialize engine version: 2020.3.26f1 (7298b473bc1a)
[Subsystems] Discovering subsystems at path /Applications/Unity/Unity.app/Contents/Resources/UnitySubsystems
[Subsystems] Discovering subsystems at path /Volumes/T7/2022/22School/Spring22/EMAR440/Balloon-Town-Defence/Roll-a-ball/Assets
GfxDevice: creating device client; threaded=0
2022-02-03 01:36:06.399 Unity[16030:195662] Color LCD preferred device: Intel(R) UHD Graphics 630 (low power)
2022-02-03 01:36:06.399 Unity[16030:195662] Metal devices available: 2
2022-02-03 01:36:06.399 Unity[16030:195662] 0: AMD Radeon Pro 5300M (high power)
2022-02-03 01:36:06.399 Unity[16030:195662] 1: Intel(R) UHD Graphics 630 (low power)
2022-02-03 01:36:06.400 Unity[16030:195662] Using device AMD Radeon Pro 5300M (high power)
Initializing Metal device caps: AMD Radeon Pro 5300M
Initialize mono
Mono path[0] = '/Applications/Unity/Unity.app/Contents/Managed'
Mono path[1] = '/Applications/Unity/Unity.app/Contents/MonoBleedingEdge/lib/mono/unityjit'
Mono config path = '/Applications/Unity/Unity.app/Contents/MonoBleedingEdge/etc'
Using monoOptions --debugger-agent=transport=dt_socket,embedding=1,server=y,suspend=n,address=127.0.0.1:56030
Begin MonoManager ReloadAssembly
Registering precompiled unity dll's ...
Register platform support module: /Applications/Unity/Unity.app/Contents/PlaybackEngines/MacStandaloneSupport/UnityEditor.OSXStandalone.Extensions.dll
Register platform support module: /Applications/Unity/PlaybackEngines/LuminSupport/UnityEditor.Lumin.Extensions.dll
Registered in 0.004186 seconds.
Native extension for Lumin target not found
Native extension for OSXStandalone target not found
Refreshing native plugins compatible for Editor in 39.44 ms, found 2 plugins.
Preloading 0 native plugins for Editor in 0.00 ms.
Mono: successfully reloaded assembly
- Completed reload, in  0.651 seconds
Domain Reload Profiling:
	ReloadAssembly (651ms)
		BeginReloadAssembly (56ms)
			ExecutionOrderSort (0ms)
			DisableScriptedObjects (0ms)
			BackupInstance (0ms)
			ReleaseScriptingObjects (0ms)
			CreateAndSetChildDomain (1ms)
		EndReloadAssembly (513ms)
			LoadAssemblies (57ms)
			RebuildTransferFunctionScriptingTraits (0ms)
			SetupTypeCache (189ms)
			ReleaseScriptCaches (0ms)
			RebuildScriptCaches (40ms)
			SetupLoadedEditorAssemblies (191ms)
				LogAssemblyErrors (0ms)
				InitializePlatformSupportModulesInManaged (4ms)
				SetLoadedEditorAssemblies (0ms)
				RefreshPlugins (40ms)
				BeforeProcessingInitializeOnLoad (8ms)
				ProcessInitializeOnLoadAttributes (108ms)
				ProcessInitializeOnLoadMethodAttributes (31ms)
				AfterProcessingInitializeOnLoad (0ms)
				EditorAssembliesLoaded (0ms)
			ExecutionOrderSort2 (0ms)
			AwakeInstancesAfterBackupRestoration (0ms)
Platform modules already initialized, skipping
Registering precompiled user dll's ...
Registered in 0.010210 seconds.
Required property 'name' not set (Packages/com.unity.ide.vscode/Editor/Unity.com.unity.vscode.Editor.asmdef)
Required property 'name' not set (Packages/com.valvesoftware.unity.openvr/Runtime/Unity.XR.OpenVR.asmdef)
Required property 'name' not set (Packages/com.unity.xr.legacyinputhelpers/Tests/Editor/LegacyInputHelpersEditorTests.asmdef)
Required property 'name' not set (Packages/com.unity.textmeshpro/Scripts/Editor/Unity.TextMeshPro.Editor.asmdef)
Required property 'name' not set (Packages/com.unity.ide.visualstudio/Editor/com.unity.ide.visualstudio.asmdef)
Required property 'name' not set (Packages/com.unity.test-framework/UnityEngine.TestRunner/UnityEngine.TestRunner.asmdef)
Required property 'name' not set (Packages/com.unity.ugui/Tests/Runtime/UnityEngine.UI.Tests.asmdef)
Required property 'name' not set (Packages/com.unity.xr.management/Editor/Unity.XR.Management.Editor.asmdef)
Required property 'name' not set (Packages/com.unity.timeline/Runtime/Unity.Timeline.asmdef)
Required property 'name' not set (Packages/com.unity.textmeshpro/Scripts/Runtime/Unity.TextMeshPro.asmdef)
Required property 'name' not set (Packages/com.unity.textmeshpro/Tests/Editor/Unity.TextMeshPro.Editor.Tests.asmdef)
Required property 'name' not set (Packages/com.unity.test-framework/UnityEditor.TestRunner/UnityEditor.TestRunner.asmdef)
Required property 'name' not set (Packages/com.unity.subsystemregistration/Runtime/Unity.Subsystem.Registration.asmdef)
Required property 'name' not set (Packages/com.unity.ugui/Editor/UnityEditor.UI.asmdef)
Required property 'name' not set (Packages/com.unity.inputsystem/InputSystem/Unity.InputSystem.asmdef)
Required property 'name' not set (Packages/com.unity.xr.management/Tests/Editor/Unity.XR.Management.EditorTests.asmdef)
Required property 'name' not set (Packages/com.unity.ide.rider/Rider/Editor/com.unity.ide.rider.asmdef)
Required property 'name' not set (Packages/com.unity.collab-proxy/Editor/PlasticSCM/Unity.PlasticSCM.Editor.asmdef)
Required property 'name' not set (Packages/com.unity.timeline/DocCodeExamples/DocCodeExamples.asmdef)
Required property 'name' not set (Packages/com.unity.ugui/Runtime/UnityEngine.UI.asmdef)
Required property 'name' not set (Packages/com.unity.xr.legacyinputhelpers/Runtime/TrackedPoseDriver/UnityEngine.SpatialTracking.asmdef)
Required property 'name' not set (Packages/com.unity.subsystemregistration/Tests/Runtime/Unity.Subsystem.Registration.Runtime.Tests.asmdef)
Required property 'name' not set (Packages/com.valvesoftware.unity.openvr/Editor/Unity.XR.OpenVR.Editor.asmdef)
Required property 'name' not set (Packages/com.unity.inputsystem/Tests/IntegrationTests/Unity.InputSystem.IntegrationTests.asmdef)
Required property 'name' not set (Packages/com.unity.xr.management/Tests/TestPackage/Editor/Uniyt.XR.Management.TestPackage.Editor.asmdef)
Required property 'name' not set (Packages/com.unity.xr.management/Tests/TestTooling/Unity.XR.TestSupport.asmdef)
Required property 'name' not set (Packages/com.unity.services.core/Editor/Core/Unity.Services.Core.Editor.asmdef)
Required property 'name' not set (Packages/com.unity.xr.management/Tests/TestPackage/Runtime/Uniyt.XR.Management.TestPackage.asmdef)
Required property 'name' not set (Packages/com.unity.xr.management/Tests/Runtime/Unity.XR.Management.Tests.asmdef)
Required property 'name' not set (Packages/com.unity.textmeshpro/Tests/Runtime/Unity.TextMeshPro.Tests.asmdef)
Required property 'name' not set (Packages/com.unity.xr.legacyinputhelpers/Runtime/LegacyInputHelpers.asmdef)
Required property 'name' not set (Packages/com.unity.timeline/Editor/Unity.Timeline.Editor.asmdef)
Required property 'name' not set (Packages/com.unity.xr.legacyinputhelpers/Editor/LegacyInputHelpersEditor.asmdef)
Required property 'name' not set (Packages/com.unity.xr.management/Runtime/Unity.XR.Management.asmdef)
Required property 'name' not set (Packages/com.unity.collab-proxy/Tests/Editor/Collaborate/Unity.CollabProxy.EditorTests.asmdef)
Required property 'name' not set (Packages/com.unity.collab-proxy/Editor/Collaborate/Unity.CollabProxy.Editor.asmdef)
Required property 'name' not set (Packages/com.unity.ugui/Tests/Editor/UnityEditor.UI.EditorTests.asmdef)
Required property 'name' not set (Packages/com.unity.xr.management/Tests/StandaloneSubsystem/Unity.XR.Management.Tests.Standalone.asmdef)
Required property 'name' not set (Packages/com.unity.nuget.newtonsoft-json/Tests/Editor/Unity.Nuget.NewtonsoftJson.EditorTests.asmdef)
Required property 'name' not set (Packages/com.unity.xr.legacyinputhelpers/Editor/TrackedPoseDriver/UnityEditor.SpatialTracking.asmdef)
Required property 'name' not set (Packages/com.unity.collab-proxy/Tests/Editor/PlasticSCM/Unity.PlasticSCM.EditorTests.asmdef)
Required property 'name' not set (Packages/com.unity.xr.legacyinputhelpers/Tests/Runtime/TrackedPoseDriver/UnityEngine.SpatialTracking.Tests.asmdef)
Required property 'name' not set (Packages/com.unity.inputsystem/Tests/TestFixture/Unity.InputSystem.TestFramework.asmdef)
Required property 'name' not set (Packages/com.unity.ide.vscode/Editor/Unity.com.unity.vscode.Editor.asmdef)
Required property 'name' not set (Packages/com.valvesoftware.unity.openvr/Runtime/Unity.XR.OpenVR.asmdef)
Required property 'name' not set (Packages/com.unity.xr.legacyinputhelpers/Tests/Editor/LegacyInputHelpersEditorTests.asmdef)
Required property 'name' not set (Packages/com.unity.textmeshpro/Scripts/Editor/Unity.TextMeshPro.Editor.asmdef)
Required property 'name' not set (Packages/com.unity.ide.visualstudio/Editor/com.unity.ide.visualstudio.asmdef)
Required property 'name' not set (Packages/com.unity.test-framework/UnityEngine.TestRunner/UnityEngine.TestRunner.asmdef)
Required property 'name' not set (Packages/com.unity.ugui/Tests/Runtime/UnityEngine.UI.Tests.asmdef)
Required property 'name' not set (Packages/com.unity.xr.management/Editor/Unity.XR.Management.Editor.asmdef)
Required property 'name' not set (Packages/com.unity.timeline/Runtime/Unity.Timeline.asmdef)
Required property 'name' not set (Packages/com.unity.textmeshpro/Scripts/Runtime/Unity.TextMeshPro.asmdef)
Required property 'name' not set (Packages/com.unity.textmeshpro/Tests/Editor/Unity.TextMeshPro.Editor.Tests.asmdef)
Required property 'name' not set (Packages/com.unity.test-framework/UnityEditor.TestRunner/UnityEditor.TestRunner.asmdef)
Required property 'name' not set (Packages/com.unity.subsystemregistration/Runtime/Unity.Subsystem.Registration.asmdef)
Required property 'name' not set (Packages/com.unity.ugui/Editor/UnityEditor.UI.asmdef)
Required property 'name' not set (Packages/com.unity.inputsystem/InputSystem/Unity.InputSystem.asmdef)
Required property 'name' not set (Packages/com.unity.xr.management/Tests/Editor/Unity.XR.Management.EditorTests.asmdef)
Required property 'name' not set (Packages/com.unity.ide.rider/Rider/Editor/com.unity.ide.rider.asmdef)
Required property 'name' not set (Packages/com.unity.collab-proxy/Editor/PlasticSCM/Unity.PlasticSCM.Editor.asmdef)
Required property 'name' not set (Packages/com.unity.timeline/DocCodeExamples/DocCodeExamples.asmdef)
Required property 'name' not set (Packages/com.unity.ugui/Runtime/UnityEngine.UI.asmdef)
Required property 'name' not set (Packages/com.unity.xr.legacyinputhelpers/Runtime/TrackedPoseDriver/UnityEngine.SpatialTracking.asmdef)
Required property 'name' not set (Packages/com.unity.subsystemregistration/Tests/Runtime/Unity.Subsystem.Registration.Runtime.Tests.asmdef)
Required property 'name' not set (Packages/com.valvesoftware.unity.openvr/Editor/Unity.XR.OpenVR.Editor.asmdef)
Required property 'name' not set (Packages/com.unity.inputsystem/Tests/IntegrationTests/Unity.InputSystem.IntegrationTests.asmdef)
Required property 'name' not set (Packages/com.unity.xr.management/Tests/TestPackage/Editor/Uniyt.XR.Management.TestPackage.Editor.asmdef)
Required property 'name' not set (Packages/com.unity.xr.management/Tests/TestTooling/Unity.XR.TestSupport.asmdef)
Required property 'name' not set (Packages/com.unity.services.core/Editor/Core/Unity.Services.Core.Editor.asmdef)
Required property 'name' not set (Packages/com.unity.xr.management/Tests/TestPackage/Runtime/Uniyt.XR.Management.TestPackage.asmdef)
Required property 'name' not set (Packages/com.unity.xr.management/Tests/Runtime/Unity.XR.Management.Tests.asmdef)
Required property 'name' not set (Packages/com.unity.textmeshpro/Tests/Runtime/Unity.TextMeshPro.Tests.asmdef)
Required property 'name' not set (Packages/com.unity.xr.legacyinputhelpers/Runtime/LegacyInputHelpers.asmdef)
Required property 'name' not set (Packages/com.unity.timeline/Editor/Unity.Timeline.Editor.asmdef)
Required property 'name' not set (Packages/com.unity.xr.legacyinputhelpers/Editor/LegacyInputHelpersEditor.asmdef)
Required property 'name' not set (Packages/com.unity.xr.management/Runtime/Unity.XR.Management.asmdef)
Required property 'name' not set (Packages/com.unity.collab-proxy/Tests/Editor/Collaborate/Unity.CollabProxy.EditorTests.asmdef)
Required property 'name' not set (Packages/com.unity.collab-proxy/Editor/Collaborate/Unity.CollabProxy.Editor.asmdef)
Required property 'name' not set (Packages/com.unity.ugui/Tests/Editor/UnityEditor.UI.EditorTests.asmdef)
Required property 'name' not set (Packages/com.unity.xr.management/Tests/StandaloneSubsystem/Unity.XR.Management.Tests.Standalone.asmdef)
Required property 'name' not set (Packages/com.unity.nuget.newtonsoft-json/Tests/Editor/Unity.Nuget.NewtonsoftJson.EditorTests.asmdef)
Required property 'name' not set (Packages/com.unity.xr.legacyinputhelpers/Editor/TrackedPoseDriver/UnityEditor.SpatialTracking.asmdef)
Required property 'name' not set (Packages/com.unity.collab-proxy/Tests/Editor/PlasticSCM/Unity.PlasticSCM.EditorTests.asmdef)
Required property 'name' not set (Packages/com.unity.xr.legacyinputhelpers/Tests/Runtime/TrackedPoseDriver/UnityEngine.SpatialTracking.Tests.asmdef)
Required property 'name' not set (Packages/com.unity.inputsystem/Tests/TestFixture/Unity.InputSystem.TestFramework.asmdef)
Begin MonoManager ReloadAssembly
Native extension for Lumin target not found
Native extension for OSXStandalone target not found
Refreshing native plugins compatible for Editor in 0.64 ms, found 2 plugins.
Preloading 0 native plugins for Editor in 0.00 ms.
Required property 'name' not set (Packages/com.unity.ide.vscode/Editor/Unity.com.unity.vscode.Editor.asmdef)
Required property 'name' not set (Packages/com.valvesoftware.unity.openvr/Runtime/Unity.XR.OpenVR.asmdef)
Required property 'name' not set (Packages/com.unity.xr.legacyinputhelpers/Tests/Editor/LegacyInputHelpersEditorTests.asmdef)
Required property 'name' not set (Packages/com.unity.textmeshpro/Scripts/Editor/Unity.TextMeshPro.Editor.asmdef)
Required property 'name' not set (Packages/com.unity.ide.visualstudio/Editor/com.unity.ide.visualstudio.asmdef)
Required property 'name' not set (Packages/com.unity.test-framework/UnityEngine.TestRunner/UnityEngine.TestRunner.asmdef)
Required property 'name' not set (Packages/com.unity.ugui/Tests/Runtime/UnityEngine.UI.Tests.asmdef)
Required property 'name' not set (Packages/com.unity.xr.management/Editor/Unity.XR.Management.Editor.asmdef)
Required property 'name' not set (Packages/com.unity.timeline/Runtime/Unity.Timeline.asmdef)
Required property 'name' not set (Packages/com.unity.textmeshpro/Scripts/Runtime/Unity.TextMeshPro.asmdef)
Required property 'name' not set (Packages/com.unity.textmeshpro/Tests/Editor/Unity.TextMeshPro.Editor.Tests.asmdef)
Required property 'name' not set (Packages/com.unity.test-framework/UnityEditor.TestRunner/UnityEditor.TestRunner.asmdef)
Required property 'name' not set (Packages/com.unity.subsystemregistration/Runtime/Unity.Subsystem.Registration.asmdef)
Required property 'name' not set (Packages/com.unity.ugui/Editor/UnityEditor.UI.asmdef)
Required property 'name' not set (Packages/com.unity.inputsystem/InputSystem/Unity.InputSystem.asmdef)
Required property 'name' not set (Packages/com.unity.xr.management/Tests/Editor/Unity.XR.Management.EditorTests.asmdef)
Required property 'name' not set (Packages/com.unity.ide.rider/Rider/Editor/com.unity.ide.rider.asmdef)
Required property 'name' not set (Packages/com.unity.collab-proxy/Editor/PlasticSCM/Unity.PlasticSCM.Editor.asmdef)
Required property 'name' not set (Packages/com.unity.timeline/DocCodeExamples/DocCodeExamples.asmdef)
Required property 'name' not set (Packages/com.unity.ugui/Runtime/UnityEngine.UI.asmdef)
Required property 'name' not set (Packages/com.unity.xr.legacyinputhelpers/Runtime/TrackedPoseDriver/UnityEngine.SpatialTracking.asmdef)
Required property 'name' not set (Packages/com.unity.subsystemregistration/Tests/Runtime/Unity.Subsystem.Registration.Runtime.Tests.asmdef)
Required property 'name' not set (Packages/com.valvesoftware.unity.openvr/Editor/Unity.XR.OpenVR.Editor.asmdef)
Required property 'name' not set (Packages/com.unity.inputsystem/Tests/IntegrationTests/Unity.InputSystem.IntegrationTests.asmdef)
Required property 'name' not set (Packages/com.unity.xr.management/Tests/TestPackage/Editor/Uniyt.XR.Management.TestPackage.Editor.asmdef)
Required property 'name' not set (Packages/com.unity.xr.management/Tests/TestTooling/Unity.XR.TestSupport.asmdef)
Required property 'name' not set (Packages/com.unity.services.core/Editor/Core/Unity.Services.Core.Editor.asmdef)
Required property 'name' not set (Packages/com.unity.xr.management/Tests/TestPackage/Runtime/Uniyt.XR.Management.TestPackage.asmdef)
Required property 'name' not set (Packages/com.unity.xr.management/Tests/Runtime/Unity.XR.Management.Tests.asmdef)
Required property 'name' not set (Packages/com.unity.textmeshpro/Tests/Runtime/Unity.TextMeshPro.Tests.asmdef)
Required property 'name' not set (Packages/com.unity.xr.legacyinputhelpers/Runtime/LegacyInputHelpers.asmdef)
Required property 'name' not set (Packages/com.unity.timeline/Editor/Unity.Timeline.Editor.asmdef)
Required property 'name' not set (Packages/com.unity.xr.legacyinputhelpers/Editor/LegacyInputHelpersEditor.asmdef)
Required property 'name' not set (Packages/com.unity.xr.management/Runtime/Unity.XR.Management.asmdef)
Required property 'name' not set (Packages/com.unity.collab-proxy/Tests/Editor/Collaborate/Unity.CollabProxy.EditorTests.asmdef)
Required property 'name' not set (Packages/com.unity.collab-proxy/Editor/Collaborate/Unity.CollabProxy.Editor.asmdef)
Required property 'name' not set (Packages/com.unity.ugui/Tests/Editor/UnityEditor.UI.EditorTests.asmdef)
Required property 'name' not set (Packages/com.unity.xr.management/Tests/StandaloneSubsystem/Unity.XR.Management.Tests.Standalone.asmdef)
Required property 'name' not set (Packages/com.unity.nuget.newtonsoft-json/Tests/Editor/Unity.Nuget.NewtonsoftJson.EditorTests.asmdef)
Required property 'name' not set (Packages/com.unity.xr.legacyinputhelpers/Editor/TrackedPoseDriver/UnityEditor.SpatialTracking.asmdef)
Required property 'name' not set (Packages/com.unity.collab-proxy/Tests/Editor/PlasticSCM/Unity.PlasticSCM.EditorTests.asmdef)
Required property 'name' not set (Packages/com.unity.xr.legacyinputhelpers/Tests/Runtime/TrackedPoseDriver/UnityEngine.SpatialTracking.Tests.asmdef)
Required property 'name' not set (Packages/com.unity.inputsystem/Tests/TestFixture/Unity.InputSystem.TestFramework.asmdef)
Mono: successfully reloaded assembly
- Completed reload, in  1.318 seconds
Domain Reload Profiling:
	ReloadAssembly (1319ms)
		BeginReloadAssembly (187ms)
			ExecutionOrderSort (0ms)
			DisableScriptedObjects (6ms)
			BackupInstance (0ms)
			ReleaseScriptingObjects (0ms)
			CreateAndSetChildDomain (34ms)
		EndReloadAssembly (1060ms)
			LoadAssemblies (97ms)
			RebuildTransferFunctionScriptingTraits (0ms)
			SetupTypeCache (298ms)
			ReleaseScriptCaches (1ms)
			RebuildScriptCaches (374ms)
			SetupLoadedEditorAssemblies (193ms)
				LogAssemblyErrors (0ms)
				InitializePlatformSupportModulesInManaged (4ms)
				SetLoadedEditorAssemblies (1ms)
				RefreshPlugins (1ms)
				BeforeProcessingInitializeOnLoad (56ms)
				ProcessInitializeOnLoadAttributes (126ms)
				ProcessInitializeOnLoadMethodAttributes (5ms)
				AfterProcessingInitializeOnLoad (1ms)
				EditorAssembliesLoaded (0ms)
			ExecutionOrderSort2 (0ms)
			AwakeInstancesAfterBackupRestoration (7ms)
Platform modules already initialized, skipping
Validating Project structure ... 0.014324 seconds.
Shader import version has changed; will reimport all shaders...
Upgrading shader files ...0.032611 seconds.
Application.AssetDatabase Initial Script Refresh Start
RefreshInfo: InitialScriptRefreshV2(NoUpdateAssetOptions) scanfilter:  ... 1 filters
RefreshProfiler: Total: 0.000ms
Application.AssetDatabase Initial Script Refresh End
Application.AssetDatabase.Refresh Start
Application.AssetDatabase.Refresh End
RefreshInfo: StopAssetImportingV2(ForceSynchronousImport) scanfilter: 
RefreshProfiler: Total: 0.000ms
Launching external process: /Applications/Unity/Unity.app/Contents/Tools/UnityShaderCompiler
Launched and connected shader compiler UnityShaderCompiler after 0.02 seconds
Initializing Unity extensions:
Required property 'name' not set (Packages/com.unity.ide.vscode/Editor/Unity.com.unity.vscode.Editor.asmdef)
Required property 'name' not set (Packages/com.valvesoftware.unity.openvr/Runtime/Unity.XR.OpenVR.asmdef)
Required property 'name' not set (Packages/com.unity.xr.legacyinputhelpers/Tests/Editor/LegacyInputHelpersEditorTests.asmdef)
Required property 'name' not set (Packages/com.unity.textmeshpro/Scripts/Editor/Unity.TextMeshPro.Editor.asmdef)
Required property 'name' not set (Packages/com.unity.ide.visualstudio/Editor/com.unity.ide.visualstudio.asmdef)
Required property 'name' not set (Packages/com.unity.test-framework/UnityEngine.TestRunner/UnityEngine.TestRunner.asmdef)
Required property 'name' not set (Packages/com.unity.ugui/Tests/Runtime/UnityEngine.UI.Tests.asmdef)
Required property 'name' not set (Packages/com.unity.xr.management/Editor/Unity.XR.Management.Editor.asmdef)
Required property 'name' not set (Packages/com.unity.timeline/Runtime/Unity.Timeline.asmdef)
Required property 'name' not set (Packages/com.unity.textmeshpro/Scripts/Runtime/Unity.TextMeshPro.asmdef)
Required property 'name' not set (Packages/com.unity.textmeshpro/Tests/Editor/Unity.TextMeshPro.Editor.Tests.asmdef)
Required property 'name' not set (Packages/com.unity.test-framework/UnityEditor.TestRunner/UnityEditor.TestRunner.asmdef)
Required property 'name' not set (Packages/com.unity.subsystemregistration/Runtime/Unity.Subsystem.Registration.asmdef)
Required property 'name' not set (Packages/com.unity.ugui/Editor/UnityEditor.UI.asmdef)
Required property 'name' not set (Packages/com.unity.inputsystem/InputSystem/Unity.InputSystem.asmdef)
Required property 'name' not set (Packages/com.unity.xr.management/Tests/Editor/Unity.XR.Management.EditorTests.asmdef)
Required property 'name' not set (Packages/com.unity.ide.rider/Rider/Editor/com.unity.ide.rider.asmdef)
Required property 'name' not set (Packages/com.unity.collab-proxy/Editor/PlasticSCM/Unity.PlasticSCM.Editor.asmdef)
Required property 'name' not set (Packages/com.unity.timeline/DocCodeExamples/DocCodeExamples.asmdef)
Required property 'name' not set (Packages/com.unity.ugui/Runtime/UnityEngine.UI.asmdef)
Required property 'name' not set (Packages/com.unity.xr.legacyinputhelpers/Runtime/TrackedPoseDriver/UnityEngine.SpatialTracking.asmdef)
Required property 'name' not set (Packages/com.unity.subsystemregistration/Tests/Runtime/Unity.Subsystem.Registration.Runtime.Tests.asmdef)
Required property 'name' not set (Packages/com.valvesoftware.unity.openvr/Editor/Unity.XR.OpenVR.Editor.asmdef)
Required property 'name' not set (Packages/com.unity.inputsystem/Tests/IntegrationTests/Unity.InputSystem.IntegrationTests.asmdef)
Required property 'name' not set (Packages/com.unity.xr.management/Tests/TestPackage/Editor/Uniyt.XR.Management.TestPackage.Editor.asmdef)
Required property 'name' not set (Packages/com.unity.xr.management/Tests/TestTooling/Unity.XR.TestSupport.asmdef)
Required property 'name' not set (Packages/com.unity.services.core/Editor/Core/Unity.Services.Core.Editor.asmdef)
Required property 'name' not set (Packages/com.unity.xr.management/Tests/TestPackage/Runtime/Uniyt.XR.Management.TestPackage.asmdef)
Required property 'name' not set (Packages/com.unity.xr.management/Tests/Runtime/Unity.XR.Management.Tests.asmdef)
Required property 'name' not set (Packages/com.unity.textmeshpro/Tests/Runtime/Unity.TextMeshPro.Tests.asmdef)
Required property 'name' not set (Packages/com.unity.xr.legacyinputhelpers/Runtime/LegacyInputHelpers.asmdef)
Required property 'name' not set (Packages/com.unity.timeline/Editor/Unity.Timeline.Editor.asmdef)
Required property 'name' not set (Packages/com.unity.xr.legacyinputhelpers/Editor/LegacyInputHelpersEditor.asmdef)
Required property 'name' not set (Packages/com.unity.xr.management/Runtime/Unity.XR.Management.asmdef)
Required property 'name' not set (Packages/com.unity.collab-proxy/Tests/Editor/Collaborate/Unity.CollabProxy.EditorTests.asmdef)
Required property 'name' not set (Packages/com.unity.collab-proxy/Editor/Collaborate/Unity.CollabProxy.Editor.asmdef)
Required property 'name' not set (Packages/com.unity.ugui/Tests/Editor/UnityEditor.UI.EditorTests.asmdef)
Required property 'name' not set (Packages/com.unity.xr.management/Tests/StandaloneSubsystem/Unity.XR.Management.Tests.Standalone.asmdef)
Required property 'name' not set (Packages/com.unity.nuget.newtonsoft-json/Tests/Editor/Unity.Nuget.NewtonsoftJson.EditorTests.asmdef)
Required property 'name' not set (Packages/com.unity.xr.legacyinputhelpers/Editor/TrackedPoseDriver/UnityEditor.SpatialTracking.asmdef)
Required property 'name' not set (Packages/com.unity.collab-proxy/Tests/Editor/PlasticSCM/Unity.PlasticSCM.EditorTests.asmdef)
Required property 'name' not set (Packages/com.unity.xr.legacyinputhelpers/Tests/Runtime/TrackedPoseDriver/UnityEngine.SpatialTracking.Tests.asmdef)
Required property 'name' not set (Packages/com.unity.inputsystem/Tests/TestFixture/Unity.InputSystem.TestFramework.asmdef)
========================================================================
Worker process is ready to serve import requests
Refreshing native plugins compatible for Editor in 0.90 ms, found 2 plugins.
Preloading 0 native plugins for Editor in 0.00 ms.
Unloading 2203 Unused Serialized files (Serialized files now loaded: 0)
System memory in use before: 166.4 MB.
System memory in use after: 162.1 MB.

Unloading 2095 unused Assets to reduce memory usage. Loaded Objects now: 796.
Total: 5.067049 ms (FindLiveObjects: 0.303078 ms CreateObjectMapping: 0.154124 ms MarkObjects: 2.895550 ms  DeleteObjects: 1.712648 ms)

AssetImportParameters requested are different than current active one (requested -> active):
  custom:video-decoder-ogg-theora: a1e56fd34408186e4bbccfd4996cb3dc -> 
  custom:container-muxer-webm: aa71ff27fc2769a1b78a27578f13a17b -> 
  custom:container-demuxer-webm: 4f35f7cbe854078d1ac9338744f61a02 -> 
  custom:container-demuxer-ogg: 62fdf1f143b41e24485cea50d1cbac27 -> 
  custom:video-encoder-webm-vp8: eb34c28f22e8b96e1ab97ce403110664 -> 
  custom:framework-osx-AVFoundation: e770b220cccbd017edd2c1fefb359320 -> 
  custom:video-decoder-webm-vp8: 9c59270c3fd7afecdb556c50c9e8de78 -> 
  custom:audio-decoder-ogg-vorbis: bf7c407c2cedff20999df2af8eb42d56 -> 
  custom:audio-encoder-webm-vorbis: bf7c407c2cedff20999df2af8eb42d56 -> 
========================================================================
Received Import Request.
  path: Assets/SteamVR/Materials/workshop.mat
  artifactKey: Guid(712cd3a70a5a1da41a6594aac6a97abe) Importer(815301076,1909f56bfc062723c751e8b465ee728b)
Start importing Assets/SteamVR/Materials/workshop.mat using Guid(712cd3a70a5a1da41a6594aac6a97abe) Importer(815301076,1909f56bfc062723c751e8b465ee728b) Diagnostics callstack to track who triggered the sub-import:
 #5 ImportAsset(core::hash_map<AssetDatabase::ImporterID, ImporterInfo, core::hash<AssetDatabase::ImporterID>, std::__1::equal_to<AssetDatabase::ImporterID> > const&, dynamic_array<PostprocessorInfo, 0ul> const&, AssetResolveTracker const&, ImportAssetInputs const&, ImportAssetOutputs&, IImportProgress*)
 #6 ImportAssetWithAutoReleasePool(core::hash_map<AssetDatabase::ImporterID, ImporterInfo, core::hash<AssetDatabase::ImporterID>, std::__1::equal_to<AssetDatabase::ImporterID> > const&, dynamic_array<PostprocessorInfo, 0ul> const&, AssetResolveTracker const&, ImportAssetInputs const&, ImportAssetOutputs&, IImportProgress*)
 #7 AssetImportWorker::Import(AssetResolver&, WorkerImportPayload const&, WorkerImportResponse&, IImportProgress*, bool*)
 #8 invocation function for block in AssetImportWorkerClient::HandleMessage(ImportRequestMessage const&)::$_6::operator()() const
 #9 _dispatch_client_callout
 #10 _dispatch_async_and_wait_invoke
 #11 _dispatch_client_callout
 #12 _dispatch_main_queue_callback_4CF
 #13 __CFRUNLOOP_IS_SERVICING_THE_MAIN_DISPATCH_QUEUE__
 #14 __CFRunLoopRun
 #15 CFRunLoopRunSpecific
 #16 RunCurrentEventLoopInMode
 #17 ReceiveNextEventCommon
 #18 _BlockUntilNextEventMatchingListInModeWithFilter
 #19 _DPSNextEvent
 #20 -[NSApplication(NSEvent) _nextEventMatchingEventMask:untilDate:inMode:dequeue:]
 #21 -[NSApplication run]
 #22 NSApplicationMain
 #23 EditorMain(int, char const**)
 #24 main
 #25 start

Requesting import of Guid(712cd3a70a5a1da41a6594aac6a97abe) Importer(-1,00000000000000000000000000000000), Assets/SteamVR/Materials/workshop.mat from editor
Resuming Guid(712cd3a70a5a1da41a6594aac6a97abe) Importer(-1,00000000000000000000000000000000) -> 2f98c55ecccef85096bdc483f15964bb 
Assertion failed on expression: 'unsafeDependencies != nullptr'
Assertion failed on expression: 'unsafeDependencies != nullptr'
Assertion failed on expression: 'unsafeMetaInfo != nullptr'
Assertion failed on expression: 'safeMetaInfo != nullptr'
Assertion failed on expression: 'state.state == kUpToDate'
Assertion failed on expression: 'state.artifactID == result'
Diagnostics callstack to track who triggered the sub-import:
 #5 ImportToObjects(core::basic_string<char, core::StringStorageDefault<char> > const&, core::hash_map<AssetDatabase::ImporterID, ImporterInfo, core::hash<AssetDatabase::ImporterID>, std::__1::equal_to<AssetDatabase::ImporterID> > const&, dynamic_array<PostprocessorInfo, 0ul> const&, AssetResolveTracker const&, ImportAssetInputs const&, ImportAssetOutputs&, IImportProgress*)
 #6 ImportAsset(core::hash_map<AssetDatabase::ImporterID, ImporterInfo, core::hash<AssetDatabase::ImporterID>, std::__1::equal_to<AssetDatabase::ImporterID> > const&, dynamic_array<PostprocessorInfo, 0ul> const&, AssetResolveTracker const&, ImportAssetInputs const&, ImportAssetOutputs&, IImportProgress*)
 #7 ImportAssetWithAutoReleasePool(core::hash_map<AssetDatabase::ImporterID, ImporterInfo, core::hash<AssetDatabase::ImporterID>, std::__1::equal_to<AssetDatabase::ImporterID> > const&, dynamic_array<PostprocessorInfo, 0ul> const&, AssetResolveTracker const&, ImportAssetInputs const&, ImportAssetOutputs&, IImportProgress*)
 #8 AssetImportWorker::Import(AssetResolver&, WorkerImportPayload const&, WorkerImportResponse&, IImportProgress*, bool*)
 #9 invocation function for block in AssetImportWorkerClient::HandleMessage(ImportRequestMessage const&)::$_6::operator()() const
 #10 _dispatch_client_callout
 #11 _dispatch_async_and_wait_invoke
 #12 _dispatch_client_callout
 #13 _dispatch_main_queue_callback_4CF
 #14 __CFRUNLOOP_IS_SERVICING_THE_MAIN_DISPATCH_QUEUE__
 #15 __CFRunLoopRun
 #16 CFRunLoopRunSpecific
 #17 RunCurrentEventLoopInMode
 #18 ReceiveNextEventCommon
 #19 _BlockUntilNextEventMatchingListInModeWithFilter
 #20 _DPSNextEvent
 #21 -[NSApplication(NSEvent) _nextEventMatchingEventMask:untilDate:inMode:dequeue:]
 #22 -[NSApplication run]
 #23 NSApplicationMain
 #24 EditorMain(int, char const**)
 #25 main
 #26 start

Requesting import of Guid(712cd3a70a5a1da41a6594aac6a97abe) Importer(-1,00000000000000000000000000000000), Assets/SteamVR/Materials/workshop.mat from editor
Resuming Guid(712cd3a70a5a1da41a6594aac6a97abe) Importer(-1,00000000000000000000000000000000) -> 2f98c55ecccef85096bdc483f15964bb 
Assertion failed on expression: 'unsafeDependencies != nullptr'
Assertion failed on expression: 'unsafeDependencies != nullptr'
Assertion failed on expression: 'unsafeMetaInfo != nullptr'
Assertion failed on expression: 'safeMetaInfo != nullptr'
Assertion failed on expression: 'state.state == kUpToDate'
Assertion failed on expression: 'state.artifactID == result'
 -> (artifact id: '625239eea66194da92d604f698519baa') in 0.927180 seconds 
  Import took 0.931485 seconds .

========================================================================
Received Import Request.
  Time since last request: 0.001210 seconds.
  path: Assets/SteamVR/Materials/def.mat
  artifactKey: Guid(70c66109a93f33a4ead799f58a6b9ef5) Importer(815301076,1909f56bfc062723c751e8b465ee728b)
Start importing Assets/SteamVR/Materials/def.mat using Guid(70c66109a93f33a4ead799f58a6b9ef5) Importer(815301076,1909f56bfc062723c751e8b465ee728b) Diagnostics callstack to track who triggered the sub-import:
 #5 ImportAsset(core::hash_map<AssetDatabase::ImporterID, ImporterInfo, core::hash<AssetDatabase::ImporterID>, std::__1::equal_to<AssetDatabase::ImporterID> > const&, dynamic_array<PostprocessorInfo, 0ul> const&, AssetResolveTracker const&, ImportAssetInputs const&, ImportAssetOutputs&, IImportProgress*)
 #6 ImportAssetWithAutoReleasePool(core::hash_map<AssetDatabase::ImporterID, ImporterInfo, core::hash<AssetDatabase::ImporterID>, std::__1::equal_to<AssetDatabase::ImporterID> > const&, dynamic_array<PostprocessorInfo, 0ul> const&, AssetResolveTracker const&, ImportAssetInputs const&, ImportAssetOutputs&, IImportProgress*)
 #7 AssetImportWorker::Import(AssetResolver&, WorkerImportPayload const&, WorkerImportResponse&, IImportProgress*, bool*)
 #8 invocation function for block in AssetImportWorkerClient::HandleMessage(ImportRequestMessage const&)::$_6::operator()() const
 #9 _dispatch_client_callout
 #10 _dispatch_async_and_wait_invoke
 #11 _dispatch_client_callout
 #12 _dispatch_main_queue_callback_4CF
 #13 __CFRUNLOOP_IS_SERVICING_THE_MAIN_DISPATCH_QUEUE__
 #14 __CFRunLoopRun
 #15 CFRunLoopRunSpecific
 #16 RunCurrentEventLoopInMode
 #17 ReceiveNextEventCommon
 #18 _BlockUntilNextEventMatchingListInModeWithFilter
 #19 _DPSNextEvent
 #20 -[NSApplication(NSEvent) _nextEventMatchingEventMask:untilDate:inMode:dequeue:]
 #21 -[NSApplication run]
 #22 NSApplicationMain
 #23 EditorMain(int, char const**)
 #24 main
 #25 start

Requesting import of Guid(70c66109a93f33a4ead799f58a6b9ef5) Importer(-1,00000000000000000000000000000000), Assets/SteamVR/Materials/def.mat from editor
Resuming Guid(70c66109a93f33a4ead799f58a6b9ef5) Importer(-1,00000000000000000000000000000000) -> 77e13c084f75b19b657cfc4058faba11 
Assertion failed on expression: 'unsafeDependencies != nullptr'
Assertion failed on expression: 'unsafeDependencies != nullptr'
Assertion failed on expression: 'unsafeMetaInfo != nullptr'
Assertion failed on expression: 'safeMetaInfo != nullptr'
Assertion failed on expression: 'state.state == kUpToDate'
Assertion failed on expression: 'state.artifactID == result'
Diagnostics callstack to track who triggered the sub-import:
 #5 ImportToObjects(core::basic_string<char, core::StringStorageDefault<char> > const&, core::hash_map<AssetDatabase::ImporterID, ImporterInfo, core::hash<AssetDatabase::ImporterID>, std::__1::equal_to<AssetDatabase::ImporterID> > const&, dynamic_array<PostprocessorInfo, 0ul> const&, AssetResolveTracker const&, ImportAssetInputs const&, ImportAssetOutputs&, IImportProgress*)
 #6 ImportAsset(core::hash_map<AssetDatabase::ImporterID, ImporterInfo, core::hash<AssetDatabase::ImporterID>, std::__1::equal_to<AssetDatabase::ImporterID> > const&, dynamic_array<PostprocessorInfo, 0ul> const&, AssetResolveTracker const&, ImportAssetInputs const&, ImportAssetOutputs&, IImportProgress*)
 #7 ImportAssetWithAutoReleasePool(core::hash_map<AssetDatabase::ImporterID, ImporterInfo, core::hash<AssetDatabase::ImporterID>, std::__1::equal_to<AssetDatabase::ImporterID> > const&, dynamic_array<PostprocessorInfo, 0ul> const&, AssetResolveTracker const&, ImportAssetInputs const&, ImportAssetOutputs&, IImportProgress*)
 #8 AssetImportWorker::Import(AssetResolver&, WorkerImportPayload const&, WorkerImportResponse&, IImportProgress*, bool*)
 #9 invocation function for block in AssetImportWorkerClient::HandleMessage(ImportRequestMessage const&)::$_6::operator()() const
 #10 _dispatch_client_callout
 #11 _dispatch_async_and_wait_invoke
 #12 _dispatch_client_callout
 #13 _dispatch_main_queue_callback_4CF
 #14 __CFRUNLOOP_IS_SERVICING_THE_MAIN_DISPATCH_QUEUE__
 #15 __CFRunLoopRun
 #16 CFRunLoopRunSpecific
 #17 RunCurrentEventLoopInMode
 #18 ReceiveNextEventCommon
 #19 _BlockUntilNextEventMatchingListInModeWithFilter
 #20 _DPSNextEvent
 #21 -[NSApplication(NSEvent) _nextEventMatchingEventMask:untilDate:inMode:dequeue:]
 #22 -[NSApplication run]
 #23 NSApplicationMain
 #24 EditorMain(int, char const**)
 #25 main
 #26 start

Requesting import of Guid(70c66109a93f33a4ead799f58a6b9ef5) Importer(-1,00000000000000000000000000000000), Assets/SteamVR/Materials/def.mat from editor
Resuming Guid(70c66109a93f33a4ead799f58a6b9ef5) Importer(-1,00000000000000000000000000000000) -> 77e13c084f75b19b657cfc4058faba11 
Assertion failed on expression: 'unsafeDependencies != nullptr'
Assertion failed on expression: 'unsafeDependencies != nullptr'
Assertion failed on expression: 'unsafeMetaInfo != nullptr'
Assertion failed on expression: 'safeMetaInfo != nullptr'
Assertion failed on expression: 'state.state == kUpToDate'
Assertion failed on expression: 'state.artifactID == result'
 -> (artifact id: '46d8d11ebf11981cf1ff83cb10d5e7e8') in 0.011975 seconds 
  Import took 0.013148 seconds .

========================================================================
Received Import Request.
  Time since last request: 6.451583 seconds.
  path: Assets/SteamVR/Materials/def.mat
  artifactKey: Guid(70c66109a93f33a4ead799f58a6b9ef5) Importer(815301076,1909f56bfc062723c751e8b465ee728b)
Start importing Assets/SteamVR/Materials/def.mat using Guid(70c66109a93f33a4ead799f58a6b9ef5) Importer(815301076,1909f56bfc062723c751e8b465ee728b) Diagnostics callstack to track who triggered the sub-import:
 #5 ImportAsset(core::hash_map<AssetDatabase::ImporterID, ImporterInfo, core::hash<AssetDatabase::ImporterID>, std::__1::equal_to<AssetDatabase::ImporterID> > const&, dynamic_array<PostprocessorInfo, 0ul> const&, AssetResolveTracker const&, ImportAssetInputs const&, ImportAssetOutputs&, IImportProgress*)
 #6 ImportAssetWithAutoReleasePool(core::hash_map<AssetDatabase::ImporterID, ImporterInfo, core::hash<AssetDatabase::ImporterID>, std::__1::equal_to<AssetDatabase::ImporterID> > const&, dynamic_array<PostprocessorInfo, 0ul> const&, AssetResolveTracker const&, ImportAssetInputs const&, ImportAssetOutputs&, IImportProgress*)
 #7 AssetImportWorker::Import(AssetResolver&, WorkerImportPayload const&, WorkerImportResponse&, IImportProgress*, bool*)
 #8 invocation function for block in AssetImportWorkerClient::HandleMessage(ImportRequestMessage const&)::$_6::operator()() const
 #9 _dispatch_client_callout
 #10 _dispatch_async_and_wait_invoke
 #11 _dispatch_client_callout
 #12 _dispatch_main_queue_callback_4CF
 #13 __CFRUNLOOP_IS_SERVICING_THE_MAIN_DISPATCH_QUEUE__
 #14 __CFRunLoopRun
 #15 CFRunLoopRunSpecific
 #16 RunCurrentEventLoopInMode
 #17 ReceiveNextEventCommon
 #18 _BlockUntilNextEventMatchingListInModeWithFilter
 #19 _DPSNextEvent
 #20 -[NSApplication(NSEvent) _nextEventMatchingEventMask:untilDate:inMode:dequeue:]
 #21 -[NSApplication run]
 #22 NSApplicationMain
 #23 EditorMain(int, char const**)
 #24 main
 #25 start

Requesting import of Guid(70c66109a93f33a4ead799f58a6b9ef5) Importer(-1,00000000000000000000000000000000), Assets/SteamVR/Materials/def.mat from editor
Resuming Guid(70c66109a93f33a4ead799f58a6b9ef5) Importer(-1,00000000000000000000000000000000) -> 77e13c084f75b19b657cfc4058faba11 
Assertion failed on expression: 'unsafeDependencies != nullptr'
Assertion failed on expression: 'unsafeDependencies != nullptr'
Assertion failed on expression: 'unsafeMetaInfo != nullptr'
Assertion failed on expression: 'safeMetaInfo != nullptr'
Assertion failed on expression: 'state.state == kUpToDate'
Assertion failed on expression: 'state.artifactID == result'
Diagnostics callstack to track who triggered the sub-import:
 #5 ImportToObjects(core::basic_string<char, core::StringStorageDefault<char> > const&, core::hash_map<AssetDatabase::ImporterID, ImporterInfo, core::hash<AssetDatabase::ImporterID>, std::__1::equal_to<AssetDatabase::ImporterID> > const&, dynamic_array<PostprocessorInfo, 0ul> const&, AssetResolveTracker const&, ImportAssetInputs const&, ImportAssetOutputs&, IImportProgress*)
 #6 ImportAsset(core::hash_map<AssetDatabase::ImporterID, ImporterInfo, core::hash<AssetDatabase::ImporterID>, std::__1::equal_to<AssetDatabase::ImporterID> > const&, dynamic_array<PostprocessorInfo, 0ul> const&, AssetResolveTracker const&, ImportAssetInputs const&, ImportAssetOutputs&, IImportProgress*)
 #7 ImportAssetWithAutoReleasePool(core::hash_map<AssetDatabase::ImporterID, ImporterInfo, core::hash<AssetDatabase::ImporterID>, std::__1::equal_to<AssetDatabase::ImporterID> > const&, dynamic_array<PostprocessorInfo, 0ul> const&, AssetResolveTracker const&, ImportAssetInputs const&, ImportAssetOutputs&, IImportProgress*)
 #8 AssetImportWorker::Import(AssetResolver&, WorkerImportPayload const&, WorkerImportResponse&, IImportProgress*, bool*)
 #9 invocation function for block in AssetImportWorkerClient::HandleMessage(ImportRequestMessage const&)::$_6::operator()() const
 #10 _dispatch_client_callout
 #11 _dispatch_async_and_wait_invoke
 #12 _dispatch_client_callout
 #13 _dispatch_main_queue_callback_4CF
 #14 __CFRUNLOOP_IS_SERVICING_THE_MAIN_DISPATCH_QUEUE__
 #15 __CFRunLoopRun
 #16 CFRunLoopRunSpecific
 #17 RunCurrentEventLoopInMode
 #18 ReceiveNextEventCommon
 #19 _BlockUntilNextEventMatchingListInModeWithFilter
 #20 _DPSNextEvent
 #21 -[NSApplication(NSEvent) _nextEventMatchingEventMask:untilDate:inMode:dequeue:]
 #22 -[NSApplication run]
 #23 NSApplicationMain
 #24 EditorMain(int, char const**)
 #25 main
 #26 start

Requesting import of Guid(70c66109a93f33a4ead799f58a6b9ef5) Importer(-1,00000000000000000000000000000000), Assets/SteamVR/Materials/def.mat from editor
Resuming Guid(70c66109a93f33a4ead799f58a6b9ef5) Importer(-1,00000000000000000000000000000000) -> 77e13c084f75b19b657cfc4058faba11 
Assertion failed on expression: 'unsafeDependencies != nullptr'
Assertion failed on expression: 'unsafeDependencies != nullptr'
Assertion failed on expression: 'unsafeMetaInfo != nullptr'
Assertion failed on expression: 'safeMetaInfo != nullptr'
Assertion failed on expression: 'state.state == kUpToDate'
Assertion failed on expression: 'state.artifactID == result'
 -> (artifact id: '46d8d11ebf11981cf1ff83cb10d5e7e8') in 0.039569 seconds 
  Import took 0.041380 seconds .

========================================================================
Received Import Request.
  Time since last request: 0.000545 seconds.
  path: Assets/SteamVR/Materials/workshop.mat
  artifactKey: Guid(712cd3a70a5a1da41a6594aac6a97abe) Importer(815301076,1909f56bfc062723c751e8b465ee728b)
Start importing Assets/SteamVR/Materials/workshop.mat using Guid(712cd3a70a5a1da41a6594aac6a97abe) Importer(815301076,1909f56bfc062723c751e8b465ee728b) Diagnostics callstack to track who triggered the sub-import:
 #5 ImportAsset(core::hash_map<AssetDatabase::ImporterID, ImporterInfo, core::hash<AssetDatabase::ImporterID>, std::__1::equal_to<AssetDatabase::ImporterID> > const&, dynamic_array<PostprocessorInfo, 0ul> const&, AssetResolveTracker const&, ImportAssetInputs const&, ImportAssetOutputs&, IImportProgress*)
 #6 ImportAssetWithAutoReleasePool(core::hash_map<AssetDatabase::ImporterID, ImporterInfo, core::hash<AssetDatabase::ImporterID>, std::__1::equal_to<AssetDatabase::ImporterID> > const&, dynamic_array<PostprocessorInfo, 0ul> const&, AssetResolveTracker const&, ImportAssetInputs const&, ImportAssetOutputs&, IImportProgress*)
 #7 AssetImportWorker::Import(AssetResolver&, WorkerImportPayload const&, WorkerImportResponse&, IImportProgress*, bool*)
 #8 invocation function for block in AssetImportWorkerClient::HandleMessage(ImportRequestMessage const&)::$_6::operator()() const
 #9 _dispatch_client_callout
 #10 _dispatch_async_and_wait_invoke
 #11 _dispatch_client_callout
 #12 _dispatch_main_queue_callback_4CF
 #13 __CFRUNLOOP_IS_SERVICING_THE_MAIN_DISPATCH_QUEUE__
 #14 __CFRunLoopRun
 #15 CFRunLoopRunSpecific
 #16 RunCurrentEventLoopInMode
 #17 ReceiveNextEventCommon
 #18 _BlockUntilNextEventMatchingListInModeWithFilter
 #19 _DPSNextEvent
 #20 -[NSApplication(NSEvent) _nextEventMatchingEventMask:untilDate:inMode:dequeue:]
 #21 -[NSApplication run]
 #22 NSApplicationMain
 #23 EditorMain(int, char const**)
 #24 main
 #25 start

Requesting import of Guid(712cd3a70a5a1da41a6594aac6a97abe) Importer(-1,00000000000000000000000000000000), Assets/SteamVR/Materials/workshop.mat from editor
Resuming Guid(712cd3a70a5a1da41a6594aac6a97abe) Importer(-1,00000000000000000000000000000000) -> 2f98c55ecccef85096bdc483f15964bb 
Assertion failed on expression: 'unsafeDependencies != nullptr'
Assertion failed on expression: 'unsafeDependencies != nullptr'
Assertion failed on expression: 'unsafeMetaInfo != nullptr'
Assertion failed on expression: 'safeMetaInfo != nullptr'
Assertion failed on expression: 'state.state == kUpToDate'
Assertion failed on expression: 'state.artifactID == result'
Diagnostics callstack to track who triggered the sub-import:
 #5 ImportToObjects(core::basic_string<char, core::StringStorageDefault<char> > const&, core::hash_map<AssetDatabase::ImporterID, ImporterInfo, core::hash<AssetDatabase::ImporterID>, std::__1::equal_to<AssetDatabase::ImporterID> > const&, dynamic_array<PostprocessorInfo, 0ul> const&, AssetResolveTracker const&, ImportAssetInputs const&, ImportAssetOutputs&, IImportProgress*)
 #6 ImportAsset(core::hash_map<AssetDatabase::ImporterID, ImporterInfo, core::hash<AssetDatabase::ImporterID>, std::__1::equal_to<AssetDatabase::ImporterID> > const&, dynamic_array<PostprocessorInfo, 0ul> const&, AssetResolveTracker const&, ImportAssetInputs const&, ImportAssetOutputs&, IImportProgress*)
 #7 ImportAssetWithAutoReleasePool(core::hash_map<AssetDatabase::ImporterID, ImporterInfo, core::hash<AssetDatabase::ImporterID>, std::__1::equal_to<AssetDatabase::ImporterID> > const&, dynamic_array<PostprocessorInfo, 0ul> const&, AssetResolveTracker const&, ImportAssetInputs const&, ImportAssetOutputs&, IImportProgress*)
 #8 AssetImportWorker::Import(AssetResolver&, WorkerImportPayload const&, WorkerImportResponse&, IImportProgress*, bool*)
 #9 invocation function for block in AssetImportWorkerClient::HandleMessage(ImportRequestMessage const&)::$_6::operator()() const
 #10 _dispatch_client_callout
 #11 _dispatch_async_and_wait_invoke
 #12 _dispatch_client_callout
 #13 _dispatch_main_queue_callback_4CF
 #14 __CFRUNLOOP_IS_SERVICING_THE_MAIN_DISPATCH_QUEUE__
 #15 __CFRunLoopRun
 #16 CFRunLoopRunSpecific
 #17 RunCurrentEventLoopInMode
 #18 ReceiveNextEventCommon
 #19 _BlockUntilNextEventMatchingListInModeWithFilter
 #20 _DPSNextEvent
 #21 -[NSApplication(NSEvent) _nextEventMatchingEventMask:untilDate:inMode:dequeue:]
 #22 -[NSApplication run]
 #23 NSApplicationMain
 #24 EditorMain(int, char const**)
 #25 main
 #26 start

Requesting import of Guid(712cd3a70a5a1da41a6594aac6a97abe) Importer(-1,00000000000000000000000000000000), Assets/SteamVR/Materials/workshop.mat from editor
Resuming Guid(712cd3a70a5a1da41a6594aac6a97abe) Importer(-1,00000000000000000000000000000000) -> 2f98c55ecccef85096bdc483f15964bb 
Assertion failed on expression: 'unsafeDependencies != nullptr'
Assertion failed on expression: 'unsafeDependencies != nullptr'
Assertion failed on expression: 'unsafeMetaInfo != nullptr'
Assertion failed on expression: 'safeMetaInfo != nullptr'
Assertion failed on expression: 'state.state == kUpToDate'
Assertion failed on expression: 'state.artifactID == result'
 -> (artifact id: '625239eea66194da92d604f698519baa') in 0.022746 seconds 
  Import took 0.024985 seconds .

========================================================================
Received Import Request.
  Time since last request: 7.411303 seconds.
  path: Assets/SteamVR/Materials/def.mat
  artifactKey: Guid(70c66109a93f33a4ead799f58a6b9ef5) Importer(815301076,1909f56bfc062723c751e8b465ee728b)
Start importing Assets/SteamVR/Materials/def.mat using Guid(70c66109a93f33a4ead799f58a6b9ef5) Importer(815301076,1909f56bfc062723c751e8b465ee728b) Diagnostics callstack to track who triggered the sub-import:
 #5 ImportAsset(core::hash_map<AssetDatabase::ImporterID, ImporterInfo, core::hash<AssetDatabase::ImporterID>, std::__1::equal_to<AssetDatabase::ImporterID> > const&, dynamic_array<PostprocessorInfo, 0ul> const&, AssetResolveTracker const&, ImportAssetInputs const&, ImportAssetOutputs&, IImportProgress*)
 #6 ImportAssetWithAutoReleasePool(core::hash_map<AssetDatabase::ImporterID, ImporterInfo, core::hash<AssetDatabase::ImporterID>, std::__1::equal_to<AssetDatabase::ImporterID> > const&, dynamic_array<PostprocessorInfo, 0ul> const&, AssetResolveTracker const&, ImportAssetInputs const&, ImportAssetOutputs&, IImportProgress*)
 #7 AssetImportWorker::Import(AssetResolver&, WorkerImportPayload const&, WorkerImportResponse&, IImportProgress*, bool*)
 #8 invocation function for block in AssetImportWorkerClient::HandleMessage(ImportRequestMessage const&)::$_6::operator()() const
 #9 _dispatch_client_callout
 #10 _dispatch_async_and_wait_invoke
 #11 _dispatch_client_callout
 #12 _dispatch_main_queue_callback_4CF
 #13 __CFRUNLOOP_IS_SERVICING_THE_MAIN_DISPATCH_QUEUE__
 #14 __CFRunLoopRun
 #15 CFRunLoopRunSpecific
 #16 RunCurrentEventLoopInMode
 #17 ReceiveNextEventCommon
 #18 _BlockUntilNextEventMatchingListInModeWithFilter
 #19 _DPSNextEvent
 #20 -[NSApplication(NSEvent) _nextEventMatchingEventMask:untilDate:inMode:dequeue:]
 #21 -[NSApplication run]
 #22 NSApplicationMain
 #23 EditorMain(int, char const**)
 #24 main
 #25 start

Requesting import of Guid(70c66109a93f33a4ead799f58a6b9ef5) Importer(-1,00000000000000000000000000000000), Assets/SteamVR/Materials/def.mat from editor
Resuming Guid(70c66109a93f33a4ead799f58a6b9ef5) Importer(-1,00000000000000000000000000000000) -> 77e13c084f75b19b657cfc4058faba11 
Assertion failed on expression: 'unsafeDependencies != nullptr'
Assertion failed on expression: 'unsafeDependencies != nullptr'
Assertion failed on expression: 'unsafeMetaInfo != nullptr'
Assertion failed on expression: 'safeMetaInfo != nullptr'
Assertion failed on expression: 'state.state == kUpToDate'
Assertion failed on expression: 'state.artifactID == result'
Diagnostics callstack to track who triggered the sub-import:
 #5 ImportToObjects(core::basic_string<char, core::StringStorageDefault<char> > const&, core::hash_map<AssetDatabase::ImporterID, ImporterInfo, core::hash<AssetDatabase::ImporterID>, std::__1::equal_to<AssetDatabase::ImporterID> > const&, dynamic_array<PostprocessorInfo, 0ul> const&, AssetResolveTracker const&, ImportAssetInputs const&, ImportAssetOutputs&, IImportProgress*)
 #6 ImportAsset(core::hash_map<AssetDatabase::ImporterID, ImporterInfo, core::hash<AssetDatabase::ImporterID>, std::__1::equal_to<AssetDatabase::ImporterID> > const&, dynamic_array<PostprocessorInfo, 0ul> const&, AssetResolveTracker const&, ImportAssetInputs const&, ImportAssetOutputs&, IImportProgress*)
 #7 ImportAssetWithAutoReleasePool(core::hash_map<AssetDatabase::ImporterID, ImporterInfo, core::hash<AssetDatabase::ImporterID>, std::__1::equal_to<AssetDatabase::ImporterID> > const&, dynamic_array<PostprocessorInfo, 0ul> const&, AssetResolveTracker const&, ImportAssetInputs const&, ImportAssetOutputs&, IImportProgress*)
 #8 AssetImportWorker::Import(AssetResolver&, WorkerImportPayload const&, WorkerImportResponse&, IImportProgress*, bool*)
 #9 invocation function for block in AssetImportWorkerClient::HandleMessage(ImportRequestMessage const&)::$_6::operator()() const
 #10 _dispatch_client_callout
 #11 _dispatch_async_and_wait_invoke
 #12 _dispatch_client_callout
 #13 _dispatch_main_queue_callback_4CF
 #14 __CFRUNLOOP_IS_SERVICING_THE_MAIN_DISPATCH_QUEUE__
 #15 __CFRunLoopRun
 #16 CFRunLoopRunSpecific
 #17 RunCurrentEventLoopInMode
 #18 ReceiveNextEventCommon
 #19 _BlockUntilNextEventMatchingListInModeWithFilter
 #20 _DPSNextEvent
 #21 -[NSApplication(NSEvent) _nextEventMatchingEventMask:untilDate:inMode:dequeue:]
 #22 -[NSApplication run]
 #23 NSApplicationMain
 #24 EditorMain(int, char const**)
 #25 main
 #26 start

Requesting import of Guid(70c66109a93f33a4ead799f58a6b9ef5) Importer(-1,00000000000000000000000000000000), Assets/SteamVR/Materials/def.mat from editor
Resuming Guid(70c66109a93f33a4ead799f58a6b9ef5) Importer(-1,00000000000000000000000000000000) -> 77e13c084f75b19b657cfc4058faba11 
Assertion failed on expression: 'unsafeDependencies != nullptr'
Assertion failed on expression: 'unsafeDependencies != nullptr'
Assertion failed on expression: 'unsafeMetaInfo != nullptr'
Assertion failed on expression: 'safeMetaInfo != nullptr'
Assertion failed on expression: 'state.state == kUpToDate'
Assertion failed on expression: 'state.artifactID == result'
 -> (artifact id: '46d8d11ebf11981cf1ff83cb10d5e7e8') in 0.017659 seconds 
  Import took 0.019418 seconds .

========================================================================
Received Import Request.
  Time since last request: 0.000388 seconds.
  path: Assets/SteamVR/Materials/workshop.mat
  artifactKey: Guid(712cd3a70a5a1da41a6594aac6a97abe) Importer(815301076,1909f56bfc062723c751e8b465ee728b)
Start importing Assets/SteamVR/Materials/workshop.mat using Guid(712cd3a70a5a1da41a6594aac6a97abe) Importer(815301076,1909f56bfc062723c751e8b465ee728b) Diagnostics callstack to track who triggered the sub-import:
 #5 ImportAsset(core::hash_map<AssetDatabase::ImporterID, ImporterInfo, core::hash<AssetDatabase::ImporterID>, std::__1::equal_to<AssetDatabase::ImporterID> > const&, dynamic_array<PostprocessorInfo, 0ul> const&, AssetResolveTracker const&, ImportAssetInputs const&, ImportAssetOutputs&, IImportProgress*)
 #6 ImportAssetWithAutoReleasePool(core::hash_map<AssetDatabase::ImporterID, ImporterInfo, core::hash<AssetDatabase::ImporterID>, std::__1::equal_to<AssetDatabase::ImporterID> > const&, dynamic_array<PostprocessorInfo, 0ul> const&, AssetResolveTracker const&, ImportAssetInputs const&, ImportAssetOutputs&, IImportProgress*)
 #7 AssetImportWorker::Import(AssetResolver&, WorkerImportPayload const&, WorkerImportResponse&, IImportProgress*, bool*)
 #8 invocation function for block in AssetImportWorkerClient::HandleMessage(ImportRequestMessage const&)::$_6::operator()() const
 #9 _dispatch_client_callout
 #10 _dispatch_async_and_wait_invoke
 #11 _dispatch_client_callout
 #12 _dispatch_main_queue_callback_4CF
 #13 __CFRUNLOOP_IS_SERVICING_THE_MAIN_DISPATCH_QUEUE__
 #14 __CFRunLoopRun
 #15 CFRunLoopRunSpecific
 #16 RunCurrentEventLoopInMode
 #17 ReceiveNextEventCommon
 #18 _BlockUntilNextEventMatchingListInModeWithFilter
 #19 _DPSNextEvent
 #20 -[NSApplication(NSEvent) _nextEventMatchingEventMask:untilDate:inMode:dequeue:]
 #21 -[NSApplication run]
 #22 NSApplicationMain
 #23 EditorMain(int, char const**)
 #24 main
 #25 start

Requesting import of Guid(712cd3a70a5a1da41a6594aac6a97abe) Importer(-1,00000000000000000000000000000000), Assets/SteamVR/Materials/workshop.mat from editor
Resuming Guid(712cd3a70a5a1da41a6594aac6a97abe) Importer(-1,00000000000000000000000000000000) -> 2f98c55ecccef85096bdc483f15964bb 
Assertion failed on expression: 'unsafeDependencies != nullptr'
Assertion failed on expression: 'unsafeDependencies != nullptr'
Assertion failed on expression: 'unsafeMetaInfo != nullptr'
Assertion failed on expression: 'safeMetaInfo != nullptr'
Assertion failed on expression: 'state.state == kUpToDate'
Assertion failed on expression: 'state.artifactID == result'
Diagnostics callstack to track who triggered the sub-import:
 #5 ImportToObjects(core::basic_string<char, core::StringStorageDefault<char> > const&, core::hash_map<AssetDatabase::ImporterID, ImporterInfo, core::hash<AssetDatabase::ImporterID>, std::__1::equal_to<AssetDatabase::ImporterID> > const&, dynamic_array<PostprocessorInfo, 0ul> const&, AssetResolveTracker const&, ImportAssetInputs const&, ImportAssetOutputs&, IImportProgress*)
 #6 ImportAsset(core::hash_map<AssetDatabase::ImporterID, ImporterInfo, core::hash<AssetDatabase::ImporterID>, std::__1::equal_to<AssetDatabase::ImporterID> > const&, dynamic_array<PostprocessorInfo, 0ul> const&, AssetResolveTracker const&, ImportAssetInputs const&, ImportAssetOutputs&, IImportProgress*)
 #7 ImportAssetWithAutoReleasePool(core::hash_map<AssetDatabase::ImporterID, ImporterInfo, core::hash<AssetDatabase::ImporterID>, std::__1::equal_to<AssetDatabase::ImporterID> > const&, dynamic_array<PostprocessorInfo, 0ul> const&, AssetResolveTracker const&, ImportAssetInputs const&, ImportAssetOutputs&, IImportProgress*)
 #8 AssetImportWorker::Import(AssetResolver&, WorkerImportPayload const&, WorkerImportResponse&, IImportProgress*, bool*)
 #9 invocation function for block in AssetImportWorkerClient::HandleMessage(ImportRequestMessage const&)::$_6::operator()() const
 #10 _dispatch_client_callout
 #11 _dispatch_async_and_wait_invoke
 #12 _dispatch_client_callout
 #13 _dispatch_main_queue_callback_4CF
 #14 __CFRUNLOOP_IS_SERVICING_THE_MAIN_DISPATCH_QUEUE__
 #15 __CFRunLoopRun
 #16 CFRunLoopRunSpecific
 #17 RunCurrentEventLoopInMode
 #18 ReceiveNextEventCommon
 #19 _BlockUntilNextEventMatchingListInModeWithFilter
 #20 _DPSNextEvent
 #21 -[NSApplication(NSEvent) _nextEventMatchingEventMask:untilDate:inMode:dequeue:]
 #22 -[NSApplication run]
 #23 NSApplicationMain
 #24 EditorMain(int, char const**)
 #25 main
 #26 start

Requesting import of Guid(712cd3a70a5a1da41a6594aac6a97abe) Importer(-1,00000000000000000000000000000000), Assets/SteamVR/Materials/workshop.mat from editor
Resuming Guid(712cd3a70a5a1da41a6594aac6a97abe) Importer(-1,00000000000000000000000000000000) -> 2f98c55ecccef85096bdc483f15964bb 
Assertion failed on expression: 'unsafeDependencies != nullptr'
Assertion failed on expression: 'unsafeDependencies != nullptr'
Assertion failed on expression: 'unsafeMetaInfo != nullptr'
Assertion failed on expression: 'safeMetaInfo != nullptr'
Assertion failed on expression: 'state.state == kUpToDate'
Assertion failed on expression: 'state.artifactID == result'
 -> (artifact id: '625239eea66194da92d604f698519baa') in 0.013012 seconds 
  Import took 0.014513 seconds .

AssetImportWorkerClient::OnTransportError - code=2 error=End of file
